<?xml version="1.0" encoding="UTF-8"?>
<testng-results skipped="0" failed="0" total="1" passed="1">
  <reporter-output>
  </reporter-output>
  <suite name="Default suite" duration-ms="1883" started-at="2015-08-16T18:44:38Z" finished-at="2015-08-16T18:44:40Z">
    <groups>
    </groups>
    <test name="Default test" duration-ms="1883" started-at="2015-08-16T18:44:38Z" finished-at="2015-08-16T18:44:40Z">
      <class name="AddressRestaurantBLR">
        <test-method status="PASS" signature="test()[pri:0, instance:AddressRestaurantBLR@b7f23d9]" name="test" duration-ms="1868" started-at="2015-08-16T11:44:38Z" finished-at="2015-08-16T11:44:40Z">
          <reporter-output>
          </reporter-output>
        </test-method> <!-- test -->
      </class> <!-- AddressRestaurantBLR -->
    </test> <!-- Default test -->
  </suite> <!-- Default suite -->
</testng-results>
